# JRE version: OpenJDK Runtime Environment (11.0.13) (build 11.0.13+0-b1751.21-8125866)
# Java VM: OpenJDK 64-Bit Server VM (11.0.13+0-b1751.21-8125866, mixed mode, tiered, compressed oops, g1 gc, windows-amd64)
Heap:
 garbage-first heap   total 165888K, used 91705K [0x0000000080000000, 0x0000000100000000)
  region size 1024K, 8 young (8192K), 1 survivors (1024K)
 Metaspace       used 126832K, capacity 129783K, committed 130768K, reserved 1163264K
  class space    used 15535K, capacity 16723K, committed 17024K, reserved 1048576K
GC Heap History (20 events):
Event: 1731.683 GC heap after
{Heap after GC invocations=76 (full 0):
 garbage-first heap   total 165888K, used 94208K [0x0000000080000000, 0x0000000100000000)
  region size 1024K, 1 young (1024K), 1 survivors (1024K)
 Metaspace       used 126855K, capacity 130257K, committed 130512K, reserved 1163264K
  class space    used 15643K, capacity 16931K, committed 17024K, reserved 1048576K
}
Event: 1732.906 GC heap before
{Heap before GC invocations=76 (full 0):
 garbage-first heap   total 165888K, used 122880K [0x0000000080000000, 0x0000000100000000)
  region size 1024K, 30 young (30720K), 1 survivors (1024K)
 Metaspace       used 126981K, capacity 130259K, committed 130512K, reserved 1163264K
  class space    used 15644K, capacity 16931K, committed 17024K, reserved 1048576K
}
Event: 1732.935 GC heap after
{Heap after GC invocations=77 (full 0):
 garbage-first heap   total 165888K, used 98614K [0x0000000080000000, 0x0000000100000000)
  region size 1024K, 4 young (4096K), 4 survivors (4096K)
 Metaspace       used 126981K, capacity 130259K, committed 130512K, reserved 1163264K
  class space    used 15644K, capacity 16931K, committed 17024K, reserved 1048576K
}
Event: 1734.526 GC heap before
{Heap before GC invocations=78 (full 0):
 garbage-first heap   total 165888K, used 128310K [0x0000000080000000, 0x0000000100000000)
  region size 1024K, 32 young (32768K), 4 survivors (4096K)
 Metaspace       used 127042K, capacity 130327K, committed 130512K, reserved 1163264K
  class space    used 15644K, capacity 16931K, committed 17024K, reserved 1048576K
}
Event: 1734.561 GC heap after
{Heap after GC invocations=79 (full 0):
 garbage-first heap   total 165888K, used 108280K [0x0000000080000000, 0x0000000100000000)
  region size 1024K, 4 young (4096K), 4 survivors (4096K)
 Metaspace       used 127042K, capacity 130327K, committed 130512K, reserved 1163264K
  class space    used 15644K, capacity 16931K, committed 17024K, reserved 1048576K
}
Event: 1734.624 GC heap before
{Heap before GC invocations=79 (full 0):
 garbage-first heap   total 165888K, used 112376K [0x0000000080000000, 0x0000000100000000)
  region size 1024K, 8 young (8192K), 4 survivors (4096K)
 Metaspace       used 127056K, capacity 130327K, committed 130512K, reserved 1163264K
  class space    used 15644K, capacity 16931K, committed 17024K, reserved 1048576K
}
Event: 1734.672 GC heap after
{Heap after GC invocations=80 (full 0):
 garbage-first heap   total 165888K, used 103424K [0x0000000080000000, 0x0000000100000000)
  region size 1024K, 1 young (1024K), 1 survivors (1024K)
 Metaspace       used 127056K, capacity 130327K, committed 130512K, reserved 1163264K
  class space    used 15644K, capacity 16931K, committed 17024K, reserved 1048576K
}
Event: 1735.382 GC heap before
{Heap before GC invocations=80 (full 0):
 garbage-first heap   total 165888K, used 128000K [0x0000000080000000, 0x0000000100000000)
  region size 1024K, 26 young (26624K), 1 survivors (1024K)
 Metaspace       used 127173K, capacity 130456K, committed 130768K, reserved 1163264K
  class space    used 15644K, capacity 16931K, committed 17024K, reserved 1048576K
}
Event: 1735.395 GC heap after
{Heap after GC invocations=81 (full 0):
 garbage-first heap   total 165888K, used 104589K [0x0000000080000000, 0x0000000100000000)
  region size 1024K, 3 young (3072K), 3 survivors (3072K)
 Metaspace       used 127173K, capacity 130456K, committed 130768K, reserved 1163264K
  class space    used 15644K, capacity 16931K, committed 17024K, reserved 1048576K
}
Event: 1993.769 GC heap before
{Heap before GC invocations=82 (full 0):
 garbage-first heap   total 165888K, used 138381K [0x0000000080000000, 0x0000000100000000)
  region size 1024K, 29 young (29696K), 3 survivors (3072K)
 Metaspace       used 127319K, capacity 130601K, committed 130768K, reserved 1163264K
  class space    used 15647K, capacity 16935K, committed 17024K, reserved 1048576K
}
Event: 1993.847 GC heap after
{Heap after GC invocations=83 (full 0):
 garbage-first heap   total 165888K, used 104165K [0x0000000080000000, 0x0000000100000000)
  region size 1024K, 2 young (2048K), 2 survivors (2048K)
 Metaspace       used 127319K, capacity 130601K, committed 130768K, reserved 1163264K
  class space    used 15647K, capacity 16935K, committed 17024K, reserved 1048576K
}
Event: 2297.764 GC heap before
{Heap before GC invocations=83 (full 0):
 garbage-first heap   total 165888K, used 110309K [0x0000000080000000, 0x0000000100000000)
  region size 1024K, 8 young (8192K), 2 survivors (2048K)
 Metaspace       used 127319K, capacity 130601K, committed 130768K, reserved 1163264K
  class space    used 15647K, capacity 16935K, committed 17024K, reserved 1048576K
}
Event: 2297.801 GC heap after
{Heap after GC invocations=84 (full 0):
 garbage-first heap   total 165888K, used 98620K [0x0000000080000000, 0x0000000100000000)
  region size 1024K, 1 young (1024K), 1 survivors (1024K)
 Metaspace       used 127319K, capacity 130601K, committed 130768K, reserved 1163264K
  class space    used 15647K, capacity 16935K, committed 17024K, reserved 1048576K
}
Event: 3937.299 GC heap before
{Heap before GC invocations=84 (full 0):
 garbage-first heap   total 165888K, used 129340K [0x0000000080000000, 0x0000000100000000)
  region size 1024K, 31 young (31744K), 1 survivors (1024K)
 Metaspace       used 127348K, capacity 130601K, committed 130768K, reserved 1163264K
  class space    used 15647K, capacity 16935K, committed 17024K, reserved 1048576K
}
Event: 3937.308 GC heap after
{Heap after GC invocations=85 (full 0):
 garbage-first heap   total 165888K, used 98537K [0x0000000080000000, 0x0000000100000000)
  region size 1024K, 1 young (1024K), 1 survivors (1024K)
 Metaspace       used 127348K, capacity 130601K, committed 130768K, reserved 1163264K
  class space    used 15647K, capacity 16935K, committed 17024K, reserved 1048576K
}
Event: 5660.775 GC heap before
{Heap before GC invocations=86 (full 0):
 garbage-first heap   total 165888K, used 128233K [0x0000000080000000, 0x0000000100000000)
  region size 1024K, 33 young (33792K), 1 survivors (1024K)
 Metaspace       used 126690K, capacity 129566K, committed 130768K, reserved 1163264K
  class space    used 15512K, capacity 16681K, committed 17024K, reserved 1048576K
}
Event: 5660.854 GC heap after
{Heap after GC invocations=87 (full 0):
 garbage-first heap   total 165888K, used 95435K [0x0000000080000000, 0x0000000100000000)
  region size 1024K, 1 young (1024K), 1 survivors (1024K)
 Metaspace       used 126690K, capacity 129566K, committed 130768K, reserved 1163264K
  class space    used 15512K, capacity 16681K, committed 17024K, reserved 1048576K
}
Event: 5937.544 GC heap before
{Heap before GC invocations=87 (full 0):
 garbage-first heap   total 165888K, used 102603K [0x0000000080000000, 0x0000000100000000)
  region size 1024K, 8 young (8192K), 1 survivors (1024K)
 Metaspace       used 126702K, capacity 129576K, committed 130768K, reserved 1163264K
  class space    used 15513K, capacity 16683K, committed 17024K, reserved 1048576K
}
Event: 5937.691 GC heap after
{Heap after GC invocations=88 (full 0):
 garbage-first heap   total 165888K, used 84537K [0x0000000080000000, 0x0000000100000000)
  region size 1024K, 1 young (1024K), 1 survivors (1024K)
 Metaspace       used 126702K, capacity 129576K, committed 130768K, reserved 1163264K
  class space    used 15513K, capacity 16683K, committed 17024K, reserved 1048576K
}
Event: 5938.169 GC heap before
{Heap before GC invocations=88 (full 0):
 garbage-first heap   total 165888K, used 90681K [0x0000000080000000, 0x0000000100000000)
  region size 1024K, 8 young (8192K), 1 survivors (1024K)
 Metaspace       used 126832K, capacity 129783K, committed 130768K, reserved 1163264K
  class space    used 15535K, capacity 16723K, committed 17024K, reserved 1048576K
}

